Using pre-set license
Built from '2020.3/staging' branch; Version is '2020.3.30f1 (1fb1bf06830e) revision 2077119'; Using compiler version '192528614'; Build Type 'Release'
OS: 'Windows 10  (10.0.19042) 64bit Enterprise' Language: 'ko' Physical Memory: 16304 MB
BatchMode: 1, IsHumanControllingUs: 0, StartBugReporterOnCrash: 0, Is64bit: 1, IsPro: 0

COMMAND LINE ARGUMENTS:
C:\Program Files\Unity\Hub\Editor\2020.3.30f1\Editor\Unity.exe
-adb2
-batchMode
-noUpm
-name
AssetImportWorker0
-projectPath
C:/Users/SSAFY/Desktop/S06P22E101/maze map
-logFile
Logs/AssetImportWorker0.log
-srvPort
58331
Successfully changed project path to: C:/Users/SSAFY/Desktop/S06P22E101/maze map
C:/Users/SSAFY/Desktop/S06P22E101/maze map
Using Asset Import Pipeline V2.
Refreshing native plugins compatible for Editor in 77.78 ms, found 3 plugins.
Preloading 0 native plugins for Editor in 0.00 ms.
Initialize engine version: 2020.3.30f1 (1fb1bf06830e)
[Subsystems] Discovering subsystems at path C:/Program Files/Unity/Hub/Editor/2020.3.30f1/Editor/Data/Resources/UnitySubsystems
[Subsystems] Discovering subsystems at path C:/Users/SSAFY/Desktop/S06P22E101/maze map/Assets
GfxDevice: creating device client; threaded=0
Direct3D:
    Version:  Direct3D 11.0 [level 11.1]
    Renderer: NVIDIA GeForce RTX 2070 Super with Max-Q Design (ID=0x1ed1)
    Vendor:   
    VRAM:     8011 MB
    Driver:   27.21.14.5167
Initialize mono
Mono path[0] = 'C:/Program Files/Unity/Hub/Editor/2020.3.30f1/Editor/Data/Managed'
Mono path[1] = 'C:/Program Files/Unity/Hub/Editor/2020.3.30f1/Editor/Data/MonoBleedingEdge/lib/mono/unityjit'
Mono config path = 'C:/Program Files/Unity/Hub/Editor/2020.3.30f1/Editor/Data/MonoBleedingEdge/etc'
Using monoOptions --debugger-agent=transport=dt_socket,embedding=1,server=y,suspend=n,address=127.0.0.1:56044
Begin MonoManager ReloadAssembly
Registering precompiled unity dll's ...
Register platform support module: C:/Program Files/Unity/Hub/Editor/2020.3.30f1/Editor/Data/PlaybackEngines/WebGLSupport/UnityEditor.WebGL.Extensions.dll
Register platform support module: C:/Program Files/Unity/Hub/Editor/2020.3.30f1/Editor/Data/PlaybackEngines/WindowsStandaloneSupport/UnityEditor.WindowsStandalone.Extensions.dll
Registered in 0.002250 seconds.
Native extension for WindowsStandalone target not found
Native extension for WebGL target not found
Refreshing native plugins compatible for Editor in 64.96 ms, found 3 plugins.
Preloading 0 native plugins for Editor in 0.00 ms.
Mono: successfully reloaded assembly
- Completed reload, in  0.590 seconds
Domain Reload Profiling:
	ReloadAssembly (590ms)
		BeginReloadAssembly (76ms)
			ExecutionOrderSort (0ms)
			DisableScriptedObjects (0ms)
			BackupInstance (0ms)
			ReleaseScriptingObjects (0ms)
			CreateAndSetChildDomain (1ms)
		EndReloadAssembly (446ms)
			LoadAssemblies (75ms)
			RebuildTransferFunctionScriptingTraits (0ms)
			SetupTypeCache (141ms)
			ReleaseScriptCaches (0ms)
			RebuildScriptCaches (28ms)
			SetupLoadedEditorAssemblies (182ms)
				LogAssemblyErrors (0ms)
				InitializePlatformSupportModulesInManaged (5ms)
				SetLoadedEditorAssemblies (0ms)
				RefreshPlugins (65ms)
				BeforeProcessingInitializeOnLoad (16ms)
				ProcessInitializeOnLoadAttributes (71ms)
				ProcessInitializeOnLoadMethodAttributes (25ms)
				AfterProcessingInitializeOnLoad (0ms)
				EditorAssembliesLoaded (0ms)
			ExecutionOrderSort2 (0ms)
			AwakeInstancesAfterBackupRestoration (0ms)
Platform modules already initialized, skipping
Registering precompiled user dll's ...
Registered in 0.003992 seconds.
Begin MonoManager ReloadAssembly
Native extension for WindowsStandalone target not found
Native extension for WebGL target not found
Refreshing native plugins compatible for Editor in 68.92 ms, found 3 plugins.
Preloading 0 native plugins for Editor in 0.00 ms.
Mono: successfully reloaded assembly
- Completed reload, in  1.070 seconds
Domain Reload Profiling:
	ReloadAssembly (1071ms)
		BeginReloadAssembly (148ms)
			ExecutionOrderSort (0ms)
			DisableScriptedObjects (4ms)
			BackupInstance (0ms)
			ReleaseScriptingObjects (0ms)
			CreateAndSetChildDomain (17ms)
		EndReloadAssembly (869ms)
			LoadAssemblies (124ms)
			RebuildTransferFunctionScriptingTraits (0ms)
			SetupTypeCache (267ms)
			ReleaseScriptCaches (0ms)
			RebuildScriptCaches (42ms)
			SetupLoadedEditorAssemblies (337ms)
				LogAssemblyErrors (0ms)
				InitializePlatformSupportModulesInManaged (4ms)
				SetLoadedEditorAssemblies (0ms)
				RefreshPlugins (69ms)
				BeforeProcessingInitializeOnLoad (72ms)
				ProcessInitializeOnLoadAttributes (173ms)
				ProcessInitializeOnLoadMethodAttributes (15ms)
				AfterProcessingInitializeOnLoad (4ms)
				EditorAssembliesLoaded (0ms)
			ExecutionOrderSort2 (0ms)
			AwakeInstancesAfterBackupRestoration (6ms)
Platform modules already initialized, skipping
========================================================================
Worker process is ready to serve import requests
Launched and connected shader compiler UnityShaderCompiler.exe after 0.05 seconds
Refreshing native plugins compatible for Editor in 0.61 ms, found 3 plugins.
Preloading 0 native plugins for Editor in 0.00 ms.
Unloading 2202 Unused Serialized files (Serialized files now loaded: 0)
System memory in use before: 98.5 MB.
System memory in use after: 98.4 MB.

Unloading 31 unused Assets to reduce memory usage. Loaded Objects now: 2633.
Total: 2.979000 ms (FindLiveObjects: 0.253900 ms CreateObjectMapping: 0.087900 ms MarkObjects: 2.476100 ms  DeleteObjects: 0.160100 ms)

AssetImportParameters requested are different than current active one (requested -> active):
  custom:framework-win-MediaFoundation: 216162199b28c13a410421893ffa2e32 -> 
  custom:video-decoder-ogg-theora: a1e56fd34408186e4bbccfd4996cb3dc -> 
  custom:container-muxer-webm: aa71ff27fc2769a1b78a27578f13a17b -> 
  custom:container-demuxer-webm: 4f35f7cbe854078d1ac9338744f61a02 -> 
  custom:container-demuxer-ogg: 62fdf1f143b41e24485cea50d1cbac27 -> 
  custom:video-encoder-webm-vp8: eb34c28f22e8b96e1ab97ce403110664 -> 
  custom:video-decoder-webm-vp8: 9c59270c3fd7afecdb556c50c9e8de78 -> 
  custom:audio-decoder-ogg-vorbis: bf7c407c2cedff20999df2af8eb42d56 -> 
  custom:audio-encoder-webm-vorbis: bf7c407c2cedff20999df2af8eb42d56 -> 
========================================================================
Received Import Request.
  path: Assets/Images/UI/Rectangle 242.png
  artifactKey: Guid(1dcd1cffab023bf479dfcfc009ded2bc) Importer(815301076,1909f56bfc062723c751e8b465ee728b)
Start importing Assets/Images/UI/Rectangle 242.png using Guid(1dcd1cffab023bf479dfcfc009ded2bc) Importer(815301076,1909f56bfc062723c751e8b465ee728b)  -> (artifact id: 'd675e1ddc44738851336d031130300f1') in 0.098298 seconds 
========================================================================
Received Import Request.
  Time since last request: 24.874145 seconds.
  path: Assets/Images/UI/Back.png
  artifactKey: Guid(2cb5ed9b2fc486b4b9ac40fee895fc32) Importer(815301076,1909f56bfc062723c751e8b465ee728b)
Start importing Assets/Images/UI/Back.png using Guid(2cb5ed9b2fc486b4b9ac40fee895fc32) Importer(815301076,1909f56bfc062723c751e8b465ee728b)  -> (artifact id: 'fe6d4338bcb2e9e9cc32529fe4717327') in 0.015013 seconds 
========================================================================
Received Import Request.
  Time since last request: 72.697553 seconds.
  path: Assets/Images/UI/windowbar.png
  artifactKey: Guid(b5c85aa851ef1f546a1bb94b5ff3888b) Importer(815301076,1909f56bfc062723c751e8b465ee728b)
Start importing Assets/Images/UI/windowbar.png using Guid(b5c85aa851ef1f546a1bb94b5ff3888b) Importer(815301076,1909f56bfc062723c751e8b465ee728b)  -> (artifact id: 'e8b3c2e02b0671498d0fc8f464877eb4') in 0.018387 seconds 
========================================================================
Received Import Request.
  Time since last request: 225.678192 seconds.
  path: Assets/Images/UI/box.png
  artifactKey: Guid(660578736be1263488d4d69bf2e8dd60) Importer(815301076,1909f56bfc062723c751e8b465ee728b)
Start importing Assets/Images/UI/box.png using Guid(660578736be1263488d4d69bf2e8dd60) Importer(815301076,1909f56bfc062723c751e8b465ee728b)  -> (artifact id: '94e1c3436628e8facd13c07a9d78ac10') in 0.017813 seconds 
========================================================================
Received Import Request.
  Time since last request: 96.657594 seconds.
  path: Assets/Images/UI/pushedsquare.png
  artifactKey: Guid(b3170f07edfcff24cbb0d7f8386414b8) Importer(815301076,1909f56bfc062723c751e8b465ee728b)
Start importing Assets/Images/UI/pushedsquare.png using Guid(b3170f07edfcff24cbb0d7f8386414b8) Importer(815301076,1909f56bfc062723c751e8b465ee728b)  -> (artifact id: '9253c6a5034a99bfcd4f68e9e646b199') in 0.014210 seconds 
========================================================================
Received Import Request.
  Time since last request: 7.983722 seconds.
  path: Assets/Images/UI/loginbtn.png
  artifactKey: Guid(ce5eeb7e7a5111844aca1161546b90be) Importer(815301076,1909f56bfc062723c751e8b465ee728b)
Start importing Assets/Images/UI/loginbtn.png using Guid(ce5eeb7e7a5111844aca1161546b90be) Importer(815301076,1909f56bfc062723c751e8b465ee728b)  -> (artifact id: '24be97fca66c414fbf230b1284e69f7a') in 0.014876 seconds 
========================================================================
Received Import Request.
  Time since last request: 27.621717 seconds.
  path: Assets/Scenes/Room.unity
  artifactKey: Guid(7438b528c0474c3429a94ac0b3aa151c) Importer(815301076,1909f56bfc062723c751e8b465ee728b)
Start importing Assets/Scenes/Room.unity using Guid(7438b528c0474c3429a94ac0b3aa151c) Importer(815301076,1909f56bfc062723c751e8b465ee728b)  -> (artifact id: '33c5ad748ea0b48473c3a0ef83cd6481') in 0.005328 seconds 
========================================================================
Received Import Request.
  Time since last request: 21.881741 seconds.
  path: Assets/Images/UI/whitesquare.png
  artifactKey: Guid(1dcd1cffab023bf479dfcfc009ded2bc) Importer(815301076,1909f56bfc062723c751e8b465ee728b)
Start importing Assets/Images/UI/whitesquare.png using Guid(1dcd1cffab023bf479dfcfc009ded2bc) Importer(815301076,1909f56bfc062723c751e8b465ee728b)  -> (artifact id: 'b316d29d3c9412fd1674360cd56bf941') in 0.013349 seconds 
========================================================================
Received Import Request.
  Time since last request: 18.823661 seconds.
  path: Assets/Images/UI/whitebox.png
  artifactKey: Guid(1dcd1cffab023bf479dfcfc009ded2bc) Importer(815301076,1909f56bfc062723c751e8b465ee728b)
Start importing Assets/Images/UI/whitebox.png using Guid(1dcd1cffab023bf479dfcfc009ded2bc) Importer(815301076,1909f56bfc062723c751e8b465ee728b)  -> (artifact id: '519ec95256ee799d6643cbfcf297ae6e') in 0.026348 seconds 
========================================================================
Received Import Request.
  Time since last request: 5.157948 seconds.
  path: Assets/Images/UI/graybox.png
  artifactKey: Guid(660578736be1263488d4d69bf2e8dd60) Importer(815301076,1909f56bfc062723c751e8b465ee728b)
Start importing Assets/Images/UI/graybox.png using Guid(660578736be1263488d4d69bf2e8dd60) Importer(815301076,1909f56bfc062723c751e8b465ee728b)  -> (artifact id: '8ec4b3f9e9ab47458c531394e0ed9e39') in 0.011332 seconds 
AssetImportWorkerClient::OnTransportError - code=2 error=End of file
